<?xml version="1.0" encoding="UTF-8"?>
<testng-results skipped="0" failed="0" total="1" passed="1">
  <reporter-output>
    <line>
      <![CDATA[<div "result">test given (UNDEFINED)</div>]]>
    </line>
    <line>
      <![CDATA[<div "result">test and (UNDEFINED)</div>]]>
    </line>
    <line>
      <![CDATA[<div "result">test then (UNDEFINED)</div>]]>
    </line>
  </reporter-output>
  <suite name="Default suite" duration-ms="7159" started-at="2018-08-28T03:44:23Z" finished-at="2018-08-28T03:44:30Z">
    <groups>
      <group name="cucumber">
        <method signature="AbstractTestNGCucumberTests.runScenario(cucumber.api.testng.PickleEventWrapper, cucumber.api.testng.CucumberFeatureWrapper)[pri:0, instance:testRunners.funcRun.SecCukesRunnerTest@57bac3f0]" name="runScenario" class="cucumber.api.testng.AbstractTestNGCucumberTests"/>
      </group> <!-- cucumber -->
    </groups>
    <test name="Default test" duration-ms="7159" started-at="2018-08-28T03:44:23Z" finished-at="2018-08-28T03:44:30Z">
      <class name="testRunners.funcRun.SecCukesRunnerTest">
        <test-method status="PASS" signature="setUpClass()[pri:0, instance:testRunners.funcRun.SecCukesRunnerTest@57bac3f0]" name="setUpClass" is-config="true" duration-ms="427" started-at="2018-08-28T15:44:23Z" finished-at="2018-08-28T15:44:23Z">
          <reporter-output>
          </reporter-output>
        </test-method> <!-- setUpClass -->
        <test-method status="PASS" signature="runScenario(cucumber.api.testng.PickleEventWrapper, cucumber.api.testng.CucumberFeatureWrapper)[pri:0, instance:testRunners.funcRun.SecCukesRunnerTest@57bac3f0]" name="runScenario" duration-ms="6485" started-at="2018-08-28T15:44:23Z" description="Runs Cucumber Scenarios" data-provider="scenarios" finished-at="2018-08-28T15:44:30Z">
          <params>
            <param index="0">
              <value>
                <![CDATA["test"]]>
              </value>
            </param>
            <param index="1">
              <value>
                <![CDATA["Visit Qual IT website so that can perform search action"]]>
              </value>
            </param>
          </params>
          <reporter-output>
            <line>
              <![CDATA[<div "result">test given (UNDEFINED)</div>]]>
            </line>
            <line>
              <![CDATA[<div "result">test and (UNDEFINED)</div>]]>
            </line>
            <line>
              <![CDATA[<div "result">test then (UNDEFINED)</div>]]>
            </line>
          </reporter-output>
        </test-method> <!-- runScenario -->
        <test-method status="PASS" signature="tearDownClass()[pri:0, instance:testRunners.funcRun.SecCukesRunnerTest@57bac3f0]" name="tearDownClass" is-config="true" duration-ms="60" started-at="2018-08-28T15:44:30Z" finished-at="2018-08-28T15:44:30Z">
          <reporter-output>
          </reporter-output>
        </test-method> <!-- tearDownClass -->
      </class> <!-- testRunners.funcRun.SecCukesRunnerTest -->
    </test> <!-- Default test -->
  </suite> <!-- Default suite -->
</testng-results>
